Using pre-set license
Built from '2021.1/staging' branch; Version is '2021.1.21f1 (f2d5d3c59f8c) revision 15914451'; Using compiler version '192528614'; Build Type 'Release'
OS: 'Windows 10 Home; OS build 22000.434; Version 2009; 64bit' Language: 'en' Physical Memory: 3899 MB
BatchMode: 1, IsHumanControllingUs: 0, StartBugReporterOnCrash: 0, Is64bit: 1, IsPro: 0

COMMAND LINE ARGUMENTS:
C:\Program Files\Unity\Hub\Editor\2021.1.21f1\Editor\Unity.exe
-adb2
-batchMode
-noUpm
-name
AssetImportWorker4
-projectPath
C:/Users/peter/Documents/Git Kraken/Duality
-logFile
Logs/AssetImportWorker4.log
-srvPort
61480
Successfully changed project path to: C:/Users/peter/Documents/Git Kraken/Duality
C:/Users/peter/Documents/Git Kraken/Duality
Using Asset Import Pipeline V2.
Refreshing native plugins compatible for Editor in 489.22 ms, found 4 plugins.
Preloading 0 native plugins for Editor in 0.00 ms.
Initialize engine version: 2021.1.21f1 (f2d5d3c59f8c)
[Subsystems] Discovering subsystems at path C:/Program Files/Unity/Hub/Editor/2021.1.21f1/Editor/Data/Resources/UnitySubsystems
[Subsystems] Discovering subsystems at path C:/Users/peter/Documents/Git Kraken/Duality/Assets
GfxDevice: creating device client; threaded=0; jobified=0
Direct3D:
    Version:  Direct3D 11.0 [level 11.1]
    Renderer: Intel(R) UHD Graphics 600 (ID=0x3185)
    Vendor:   Intel
    VRAM:     1949 MB
    Driver:   27.20.100.8280
Initialize mono
Mono path[0] = 'C:/Program Files/Unity/Hub/Editor/2021.1.21f1/Editor/Data/Managed'
Mono path[1] = 'C:/Program Files/Unity/Hub/Editor/2021.1.21f1/Editor/Data/MonoBleedingEdge/lib/mono/unityjit'
Mono config path = 'C:/Program Files/Unity/Hub/Editor/2021.1.21f1/Editor/Data/MonoBleedingEdge/etc'
Using monoOptions --debugger-agent=transport=dt_socket,embedding=1,server=y,suspend=n,address=127.0.0.1:56508
Begin MonoManager ReloadAssembly
Registering precompiled unity dll's ...
Register platform support module: C:/Program Files/Unity/Hub/Editor/2021.1.21f1/Editor/Data/PlaybackEngines/WindowsStandaloneSupport/UnityEditor.WindowsStandalone.Extensions.dll
Registered in 0.005275 seconds.
Native extension for WindowsStandalone target not found
Refreshing native plugins compatible for Editor in 476.26 ms, found 4 plugins.
Preloading 0 native plugins for Editor in 0.00 ms.
Mono: successfully reloaded assembly
- Completed reload, in  7.130 seconds
Domain Reload Profiling:
	ReloadAssembly (7130ms)
		BeginReloadAssembly (826ms)
			ExecutionOrderSort (0ms)
			DisableScriptedObjects (0ms)
			BackupInstance (0ms)
			ReleaseScriptingObjects (0ms)
			CreateAndSetChildDomain (2ms)
		EndReloadAssembly (1884ms)
			LoadAssemblies (819ms)
			RebuildTransferFunctionScriptingTraits (0ms)
			SetupTypeCache (601ms)
			ReleaseScriptCaches (0ms)
			RebuildScriptCaches (113ms)
			SetupLoadedEditorAssemblies (996ms)
				LogAssemblyErrors (0ms)
				InitializePlatformSupportModulesInManaged (16ms)
				SetLoadedEditorAssemblies (0ms)
				RefreshPlugins (476ms)
				BeforeProcessingInitializeOnLoad (10ms)
				ProcessInitializeOnLoadAttributes (371ms)
				ProcessInitializeOnLoadMethodAttributes (122ms)
				AfterProcessingInitializeOnLoad (0ms)
				EditorAssembliesLoaded (0ms)
			ExecutionOrderSort2 (0ms)
			AwakeInstancesAfterBackupRestoration (0ms)
Platform modules already initialized, skipping
Registering precompiled user dll's ...
Registered in 0.015491 seconds.
Begin MonoManager ReloadAssembly
Symbol file LoadedFromMemory doesn't match image C:\Users\peter\Documents\Git Kraken\Duality\Library\PackageCache\com.unity.visualscripting@1.6.1\Editor\VisualScripting.Core\Dependencies\YamlDotNet\Unity.VisualScripting.YamlDotNet.dll
Symbol file LoadedFromMemory doesn't match image C:\Users\peter\Documents\Git Kraken\Duality\Library\PackageCache\com.unity.visualscripting@1.6.1\Editor\VisualScripting.Core\Dependencies\DotNetZip\Unity.VisualScripting.IonicZip.dll
Native extension for WindowsStandalone target not found
Refreshing native plugins compatible for Editor in 434.42 ms, found 4 plugins.
Preloading 0 native plugins for Editor in 0.00 ms.
Mono: successfully reloaded assembly
- Completed reload, in  7.788 seconds
Domain Reload Profiling:
	ReloadAssembly (7789ms)
		BeginReloadAssembly (949ms)
			ExecutionOrderSort (0ms)
			DisableScriptedObjects (13ms)
			BackupInstance (0ms)
			ReleaseScriptingObjects (1ms)
			CreateAndSetChildDomain (68ms)
		EndReloadAssembly (6615ms)
			LoadAssemblies (532ms)
			RebuildTransferFunctionScriptingTraits (0ms)
			SetupTypeCache (3648ms)
			ReleaseScriptCaches (2ms)
			RebuildScriptCaches (217ms)
			SetupLoadedEditorAssemblies (1861ms)
				LogAssemblyErrors (0ms)
				InitializePlatformSupportModulesInManaged (11ms)
				SetLoadedEditorAssemblies (0ms)
				RefreshPlugins (435ms)
				BeforeProcessingInitializeOnLoad (340ms)
				ProcessInitializeOnLoadAttributes (989ms)
				ProcessInitializeOnLoadMethodAttributes (69ms)
				AfterProcessingInitializeOnLoad (16ms)
				EditorAssembliesLoaded (1ms)
			ExecutionOrderSort2 (0ms)
			AwakeInstancesAfterBackupRestoration (31ms)
Platform modules already initialized, skipping
========================================================================
Worker process is ready to serve import requests
Launched and connected shader compiler UnityShaderCompiler.exe after 0.64 seconds
Refreshing native plugins compatible for Editor in 10.39 ms, found 4 plugins.
Preloading 0 native plugins for Editor in 0.00 ms.
Unloading 3677 Unused Serialized files (Serialized files now loaded: 0)
System memory in use before: 136.4 MB.
System memory in use after: 136.6 MB.

Unloading 30 unused Assets to reduce memory usage. Loaded Objects now: 4127.
Total: 23.880800 ms (FindLiveObjects: 1.090500 ms CreateObjectMapping: 0.337700 ms MarkObjects: 22.273200 ms  DeleteObjects: 0.175500 ms)

AssetImportParameters requested are different than current active one (requested -> active):
  custom:framework-win-MediaFoundation: 216162199b28c13a410421893ffa2e32 -> 
  custom:video-decoder-ogg-theora: a1e56fd34408186e4bbccfd4996cb3dc -> 
  custom:container-muxer-webm: aa71ff27fc2769a1b78a27578f13a17b -> 
  custom:container-demuxer-webm: 4f35f7cbe854078d1ac9338744f61a02 -> 
  custom:container-demuxer-ogg: 62fdf1f143b41e24485cea50d1cbac27 -> 
  custom:video-encoder-webm-vp8: eb34c28f22e8b96e1ab97ce403110664 -> 
  custom:video-decoder-webm-vp8: 9c59270c3fd7afecdb556c50c9e8de78 -> 
  custom:audio-decoder-ogg-vorbis: bf7c407c2cedff20999df2af8eb42d56 -> 
  custom:audio-encoder-webm-vorbis: bf7c407c2cedff20999df2af8eb42d56 -> 
========================================================================
Received Import Request.
  path: Assets/Main Scene.unity
  artifactKey: Guid(6c984114945b4764ab45e5c9cef90fb7) Importer(815301076,1909f56bfc062723c751e8b465ee728b)
Start importing Assets/Main Scene.unity using Guid(6c984114945b4764ab45e5c9cef90fb7) Importer(815301076,1909f56bfc062723c751e8b465ee728b)  -> (artifact id: 'bcc597a49fe82a9bada3a8358a017f43') in 0.077519 seconds 
========================================================================
Received Prepare
Registering precompiled user dll's ...
Registered in 0.052268 seconds.
Begin MonoManager ReloadAssembly
Symbol file LoadedFromMemory doesn't match image C:\Users\peter\Documents\Git Kraken\Duality\Library\PackageCache\com.unity.visualscripting@1.6.1\Editor\VisualScripting.Core\Dependencies\YamlDotNet\Unity.VisualScripting.YamlDotNet.dll
Symbol file LoadedFromMemory doesn't match image C:\Users\peter\Documents\Git Kraken\Duality\Library\PackageCache\com.unity.visualscripting@1.6.1\Editor\VisualScripting.Core\Dependencies\DotNetZip\Unity.VisualScripting.IonicZip.dll
Native extension for WindowsStandalone target not found
Refreshing native plugins compatible for Editor in 20.04 ms, found 4 plugins.
Preloading 0 native plugins for Editor in 0.00 ms.
Mono: successfully reloaded assembly
- Completed reload, in 14.617 seconds
Domain Reload Profiling:
	ReloadAssembly (14627ms)
		BeginReloadAssembly (2702ms)
			ExecutionOrderSort (0ms)
			DisableScriptedObjects (254ms)
			BackupInstance (0ms)
			ReleaseScriptingObjects (1ms)
			CreateAndSetChildDomain (1134ms)
		EndReloadAssembly (11513ms)
			LoadAssemblies (1082ms)
			RebuildTransferFunctionScriptingTraits (0ms)
			SetupTypeCache (3556ms)
			ReleaseScriptCaches (5ms)
			RebuildScriptCaches (517ms)
			SetupLoadedEditorAssemblies (5267ms)
				LogAssemblyErrors (0ms)
				InitializePlatformSupportModulesInManaged (21ms)
				SetLoadedEditorAssemblies (34ms)
				RefreshPlugins (20ms)
				BeforeProcessingInitializeOnLoad (829ms)
				ProcessInitializeOnLoadAttributes (3529ms)
				ProcessInitializeOnLoadMethodAttributes (797ms)
				AfterProcessingInitializeOnLoad (36ms)
				EditorAssembliesLoaded (1ms)
			ExecutionOrderSort2 (0ms)
			AwakeInstancesAfterBackupRestoration (249ms)
Platform modules already initialized, skipping
Refreshing native plugins compatible for Editor in 3.13 ms, found 4 plugins.
Preloading 0 native plugins for Editor in 0.00 ms.
Unloading 3668 Unused Serialized files (Serialized files now loaded: 0)
System memory in use before: 135.9 MB.
System memory in use after: 136.2 MB.

Unloading 18 unused Assets to reduce memory usage. Loaded Objects now: 4131.
Total: 30.776300 ms (FindLiveObjects: 1.674500 ms CreateObjectMapping: 0.406800 ms MarkObjects: 28.204300 ms  DeleteObjects: 0.487100 ms)

AssetImportParameters requested are different than current active one (requested -> active):
  custom:framework-win-MediaFoundation: 216162199b28c13a410421893ffa2e32 -> 
  custom:video-decoder-ogg-theora: a1e56fd34408186e4bbccfd4996cb3dc -> 
  custom:container-muxer-webm: aa71ff27fc2769a1b78a27578f13a17b -> 
  custom:container-demuxer-webm: 4f35f7cbe854078d1ac9338744f61a02 -> 
  custom:container-demuxer-ogg: 62fdf1f143b41e24485cea50d1cbac27 -> 
  custom:video-encoder-webm-vp8: eb34c28f22e8b96e1ab97ce403110664 -> 
  custom:video-decoder-webm-vp8: 9c59270c3fd7afecdb556c50c9e8de78 -> 
  custom:audio-decoder-ogg-vorbis: bf7c407c2cedff20999df2af8eb42d56 -> 
  custom:audio-encoder-webm-vorbis: bf7c407c2cedff20999df2af8eb42d56 -> 
========================================================================
Received Import Request.
  Time since last request: 152.623270 seconds.
  path: Assets/Scripts/MoveComponent.cs
  artifactKey: Guid(93f3f667c8171df44841536601ef3505) Importer(815301076,1909f56bfc062723c751e8b465ee728b)
Start importing Assets/Scripts/MoveComponent.cs using Guid(93f3f667c8171df44841536601ef3505) Importer(815301076,1909f56bfc062723c751e8b465ee728b)  -> (artifact id: 'ecfa4650b6a563dc4bbdf7d116286b71') in 1.502142 seconds 
========================================================================
Received Prepare
Registering precompiled user dll's ...
Registered in 0.052509 seconds.
Begin MonoManager ReloadAssembly
Symbol file LoadedFromMemory doesn't match image C:\Users\peter\Documents\Git Kraken\Duality\Library\PackageCache\com.unity.visualscripting@1.6.1\Editor\VisualScripting.Core\Dependencies\YamlDotNet\Unity.VisualScripting.YamlDotNet.dll
Symbol file LoadedFromMemory doesn't match image C:\Users\peter\Documents\Git Kraken\Duality\Library\PackageCache\com.unity.visualscripting@1.6.1\Editor\VisualScripting.Core\Dependencies\DotNetZip\Unity.VisualScripting.IonicZip.dll
Native extension for WindowsStandalone target not found
Refreshing native plugins compatible for Editor in 4.69 ms, found 4 plugins.
Preloading 0 native plugins for Editor in 0.00 ms.
Mono: successfully reloaded assembly
- Completed reload, in 14.054 seconds
Domain Reload Profiling:
	ReloadAssembly (14056ms)
		BeginReloadAssembly (1925ms)
			ExecutionOrderSort (0ms)
			DisableScriptedObjects (140ms)
			BackupInstance (0ms)
			ReleaseScriptingObjects (1ms)
			CreateAndSetChildDomain (978ms)
		EndReloadAssembly (11702ms)
			LoadAssemblies (867ms)
			RebuildTransferFunctionScriptingTraits (1ms)
			SetupTypeCache (2330ms)
			ReleaseScriptCaches (28ms)
			RebuildScriptCaches (266ms)
			SetupLoadedEditorAssemblies (1718ms)
				LogAssemblyErrors (0ms)
				InitializePlatformSupportModulesInManaged (19ms)
				SetLoadedEditorAssemblies (14ms)
				RefreshPlugins (5ms)
				BeforeProcessingInitializeOnLoad (370ms)
				ProcessInitializeOnLoadAttributes (1243ms)
				ProcessInitializeOnLoadMethodAttributes (43ms)
				AfterProcessingInitializeOnLoad (23ms)
				EditorAssembliesLoaded (1ms)
			ExecutionOrderSort2 (0ms)
			AwakeInstancesAfterBackupRestoration (64ms)
Platform modules already initialized, skipping
Refreshing native plugins compatible for Editor in 3.48 ms, found 4 plugins.
Preloading 0 native plugins for Editor in 0.00 ms.
Unloading 3668 Unused Serialized files (Serialized files now loaded: 0)
System memory in use before: 136.0 MB.
System memory in use after: 136.2 MB.

Unloading 18 unused Assets to reduce memory usage. Loaded Objects now: 4134.
Total: 63.095400 ms (FindLiveObjects: 1.732900 ms CreateObjectMapping: 0.777500 ms MarkObjects: 60.339500 ms  DeleteObjects: 0.241300 ms)

AssetImportParameters requested are different than current active one (requested -> active):
  custom:framework-win-MediaFoundation: 216162199b28c13a410421893ffa2e32 -> 
  custom:video-decoder-ogg-theora: a1e56fd34408186e4bbccfd4996cb3dc -> 
  custom:container-muxer-webm: aa71ff27fc2769a1b78a27578f13a17b -> 
  custom:container-demuxer-webm: 4f35f7cbe854078d1ac9338744f61a02 -> 
  custom:container-demuxer-ogg: 62fdf1f143b41e24485cea50d1cbac27 -> 
  custom:video-encoder-webm-vp8: eb34c28f22e8b96e1ab97ce403110664 -> 
  custom:video-decoder-webm-vp8: 9c59270c3fd7afecdb556c50c9e8de78 -> 
  custom:audio-decoder-ogg-vorbis: bf7c407c2cedff20999df2af8eb42d56 -> 
  custom:audio-encoder-webm-vorbis: bf7c407c2cedff20999df2af8eb42d56 -> 
========================================================================
Received Prepare
Registering precompiled user dll's ...
Registered in 0.329034 seconds.
Begin MonoManager ReloadAssembly
Symbol file LoadedFromMemory doesn't match image C:\Users\peter\Documents\Git Kraken\Duality\Library\PackageCache\com.unity.visualscripting@1.6.1\Editor\VisualScripting.Core\Dependencies\YamlDotNet\Unity.VisualScripting.YamlDotNet.dll
Symbol file LoadedFromMemory doesn't match image C:\Users\peter\Documents\Git Kraken\Duality\Library\PackageCache\com.unity.visualscripting@1.6.1\Editor\VisualScripting.Core\Dependencies\DotNetZip\Unity.VisualScripting.IonicZip.dll
Native extension for WindowsStandalone target not found
Refreshing native plugins compatible for Editor in 7.60 ms, found 4 plugins.
Preloading 0 native plugins for Editor in 0.00 ms.
Mono: successfully reloaded assembly
- Completed reload, in  4.589 seconds
Domain Reload Profiling:
	ReloadAssembly (4592ms)
		BeginReloadAssembly (822ms)
			ExecutionOrderSort (0ms)
			DisableScriptedObjects (82ms)
			BackupInstance (0ms)
			ReleaseScriptingObjects (1ms)
			CreateAndSetChildDomain (294ms)
		EndReloadAssembly (3512ms)
			LoadAssemblies (429ms)
			RebuildTransferFunctionScriptingTraits (2ms)
			SetupTypeCache (1379ms)
			ReleaseScriptCaches (10ms)
			RebuildScriptCaches (171ms)
			SetupLoadedEditorAssemblies (1190ms)
				LogAssemblyErrors (0ms)
				InitializePlatformSupportModulesInManaged (16ms)
				SetLoadedEditorAssemblies (2ms)
				RefreshPlugins (8ms)
				BeforeProcessingInitializeOnLoad (241ms)
				ProcessInitializeOnLoadAttributes (864ms)
				ProcessInitializeOnLoadMethodAttributes (39ms)
				AfterProcessingInitializeOnLoad (19ms)
				EditorAssembliesLoaded (1ms)
			ExecutionOrderSort2 (0ms)
			AwakeInstancesAfterBackupRestoration (39ms)
Platform modules already initialized, skipping
Refreshing native plugins compatible for Editor in 2.90 ms, found 4 plugins.
Preloading 0 native plugins for Editor in 0.00 ms.
Unloading 3668 Unused Serialized files (Serialized files now loaded: 0)
System memory in use before: 136.0 MB.
System memory in use after: 136.3 MB.

Unloading 18 unused Assets to reduce memory usage. Loaded Objects now: 4137.
Total: 33.819700 ms (FindLiveObjects: 7.730000 ms CreateObjectMapping: 1.170600 ms MarkObjects: 24.365400 ms  DeleteObjects: 0.550500 ms)

AssetImportParameters requested are different than current active one (requested -> active):
  custom:framework-win-MediaFoundation: 216162199b28c13a410421893ffa2e32 -> 
  custom:video-decoder-ogg-theora: a1e56fd34408186e4bbccfd4996cb3dc -> 
  custom:container-muxer-webm: aa71ff27fc2769a1b78a27578f13a17b -> 
  custom:container-demuxer-webm: 4f35f7cbe854078d1ac9338744f61a02 -> 
  custom:container-demuxer-ogg: 62fdf1f143b41e24485cea50d1cbac27 -> 
  custom:video-encoder-webm-vp8: eb34c28f22e8b96e1ab97ce403110664 -> 
  custom:video-decoder-webm-vp8: 9c59270c3fd7afecdb556c50c9e8de78 -> 
  custom:audio-decoder-ogg-vorbis: bf7c407c2cedff20999df2af8eb42d56 -> 
  custom:audio-encoder-webm-vorbis: bf7c407c2cedff20999df2af8eb42d56 -> 
========================================================================
Received Prepare
Registering precompiled user dll's ...
Registered in 0.034725 seconds.
Begin MonoManager ReloadAssembly
Symbol file LoadedFromMemory doesn't match image C:\Users\peter\Documents\Git Kraken\Duality\Library\PackageCache\com.unity.visualscripting@1.6.1\Editor\VisualScripting.Core\Dependencies\YamlDotNet\Unity.VisualScripting.YamlDotNet.dll
Symbol file LoadedFromMemory doesn't match image C:\Users\peter\Documents\Git Kraken\Duality\Library\PackageCache\com.unity.visualscripting@1.6.1\Editor\VisualScripting.Core\Dependencies\DotNetZip\Unity.VisualScripting.IonicZip.dll
Native extension for WindowsStandalone target not found
Refreshing native plugins compatible for Editor in 2.97 ms, found 4 plugins.
Preloading 0 native plugins for Editor in 0.00 ms.
Mono: successfully reloaded assembly
- Completed reload, in  5.029 seconds
Domain Reload Profiling:
	ReloadAssembly (5030ms)
		BeginReloadAssembly (643ms)
			ExecutionOrderSort (0ms)
			DisableScriptedObjects (19ms)
			BackupInstance (0ms)
			ReleaseScriptingObjects (1ms)
			CreateAndSetChildDomain (149ms)
		EndReloadAssembly (4110ms)
			LoadAssemblies (589ms)
			RebuildTransferFunctionScriptingTraits (0ms)
			SetupTypeCache (1784ms)
			ReleaseScriptCaches (3ms)
			RebuildScriptCaches (191ms)
			SetupLoadedEditorAssemblies (1289ms)
				LogAssemblyErrors (0ms)
				InitializePlatformSupportModulesInManaged (19ms)
				SetLoadedEditorAssemblies (1ms)
				RefreshPlugins (3ms)
				BeforeProcessingInitializeOnLoad (304ms)
				ProcessInitializeOnLoadAttributes (915ms)
				ProcessInitializeOnLoadMethodAttributes (26ms)
				AfterProcessingInitializeOnLoad (20ms)
				EditorAssembliesLoaded (1ms)
			ExecutionOrderSort2 (0ms)
			AwakeInstancesAfterBackupRestoration (42ms)
Platform modules already initialized, skipping
Refreshing native plugins compatible for Editor in 2.39 ms, found 4 plugins.
Preloading 0 native plugins for Editor in 0.00 ms.
Unloading 3668 Unused Serialized files (Serialized files now loaded: 0)
System memory in use before: 136.1 MB.
System memory in use after: 136.3 MB.

Unloading 18 unused Assets to reduce memory usage. Loaded Objects now: 4140.
Total: 11.467600 ms (FindLiveObjects: 1.045800 ms CreateObjectMapping: 0.292800 ms MarkObjects: 9.873100 ms  DeleteObjects: 0.253100 ms)

AssetImportParameters requested are different than current active one (requested -> active):
  custom:framework-win-MediaFoundation: 216162199b28c13a410421893ffa2e32 -> 
  custom:video-decoder-ogg-theora: a1e56fd34408186e4bbccfd4996cb3dc -> 
  custom:container-muxer-webm: aa71ff27fc2769a1b78a27578f13a17b -> 
  custom:container-demuxer-webm: 4f35f7cbe854078d1ac9338744f61a02 -> 
  custom:container-demuxer-ogg: 62fdf1f143b41e24485cea50d1cbac27 -> 
  custom:video-encoder-webm-vp8: eb34c28f22e8b96e1ab97ce403110664 -> 
  custom:video-decoder-webm-vp8: 9c59270c3fd7afecdb556c50c9e8de78 -> 
  custom:audio-decoder-ogg-vorbis: bf7c407c2cedff20999df2af8eb42d56 -> 
  custom:audio-encoder-webm-vorbis: bf7c407c2cedff20999df2af8eb42d56 -> 
========================================================================
Received Prepare
Registering precompiled user dll's ...
Registered in 0.034304 seconds.
Begin MonoManager ReloadAssembly
Symbol file LoadedFromMemory doesn't match image C:\Users\peter\Documents\Git Kraken\Duality\Library\PackageCache\com.unity.visualscripting@1.6.1\Editor\VisualScripting.Core\Dependencies\YamlDotNet\Unity.VisualScripting.YamlDotNet.dll
Symbol file LoadedFromMemory doesn't match image C:\Users\peter\Documents\Git Kraken\Duality\Library\PackageCache\com.unity.visualscripting@1.6.1\Editor\VisualScripting.Core\Dependencies\DotNetZip\Unity.VisualScripting.IonicZip.dll
Native extension for WindowsStandalone target not found
Refreshing native plugins compatible for Editor in 2.99 ms, found 4 plugins.
Preloading 0 native plugins for Editor in 0.00 ms.
Mono: successfully reloaded assembly
- Completed reload, in  4.252 seconds
Domain Reload Profiling:
	ReloadAssembly (4257ms)
		BeginReloadAssembly (1115ms)
			ExecutionOrderSort (0ms)
			DisableScriptedObjects (155ms)
			BackupInstance (0ms)
			ReleaseScriptingObjects (1ms)
			CreateAndSetChildDomain (408ms)
		EndReloadAssembly (2955ms)
			LoadAssemblies (505ms)
			RebuildTransferFunctionScriptingTraits (2ms)
			SetupTypeCache (1260ms)
			ReleaseScriptCaches (3ms)
			RebuildScriptCaches (117ms)
			SetupLoadedEditorAssemblies (926ms)
				LogAssemblyErrors (0ms)
				InitializePlatformSupportModulesInManaged (16ms)
				SetLoadedEditorAssemblies (2ms)
				RefreshPlugins (3ms)
				BeforeProcessingInitializeOnLoad (174ms)
				ProcessInitializeOnLoadAttributes (690ms)
				ProcessInitializeOnLoadMethodAttributes (24ms)
				AfterProcessingInitializeOnLoad (15ms)
				EditorAssembliesLoaded (1ms)
			ExecutionOrderSort2 (0ms)
			AwakeInstancesAfterBackupRestoration (37ms)
Platform modules already initialized, skipping
Refreshing native plugins compatible for Editor in 2.31 ms, found 4 plugins.
Preloading 0 native plugins for Editor in 0.00 ms.
Unloading 3668 Unused Serialized files (Serialized files now loaded: 0)
System memory in use before: 136.1 MB.
System memory in use after: 136.3 MB.

Unloading 18 unused Assets to reduce memory usage. Loaded Objects now: 4143.
Total: 31.714700 ms (FindLiveObjects: 1.773800 ms CreateObjectMapping: 0.539900 ms MarkObjects: 28.846600 ms  DeleteObjects: 0.550700 ms)

AssetImportParameters requested are different than current active one (requested -> active):
  custom:framework-win-MediaFoundation: 216162199b28c13a410421893ffa2e32 -> 
  custom:video-decoder-ogg-theora: a1e56fd34408186e4bbccfd4996cb3dc -> 
  custom:container-muxer-webm: aa71ff27fc2769a1b78a27578f13a17b -> 
  custom:container-demuxer-webm: 4f35f7cbe854078d1ac9338744f61a02 -> 
  custom:container-demuxer-ogg: 62fdf1f143b41e24485cea50d1cbac27 -> 
  custom:video-encoder-webm-vp8: eb34c28f22e8b96e1ab97ce403110664 -> 
  custom:video-decoder-webm-vp8: 9c59270c3fd7afecdb556c50c9e8de78 -> 
  custom:audio-decoder-ogg-vorbis: bf7c407c2cedff20999df2af8eb42d56 -> 
  custom:audio-encoder-webm-vorbis: bf7c407c2cedff20999df2af8eb42d56 -> 
========================================================================
Received Import Request.
  Time since last request: 711.599967 seconds.
  path: Assets/Sprites/Frog run.controller
  artifactKey: Guid(adc48a8b93872b74d9215429bf52e072) Importer(815301076,1909f56bfc062723c751e8b465ee728b)
Start importing Assets/Sprites/Frog run.controller using Guid(adc48a8b93872b74d9215429bf52e072) Importer(815301076,1909f56bfc062723c751e8b465ee728b)  -> (artifact id: 'df07fffae1db47f371f52ea93d75d31b') in 1.032707 seconds 
========================================================================
Received Import Request.
  Time since last request: 408.220621 seconds.
  path: Assets/Sprites/Frog run.anim
  artifactKey: Guid(99efd9d5f480b164f930d2ebf1a79198) Importer(815301076,1909f56bfc062723c751e8b465ee728b)
Start importing Assets/Sprites/Frog run.anim using Guid(99efd9d5f480b164f930d2ebf1a79198) Importer(815301076,1909f56bfc062723c751e8b465ee728b)  -> (artifact id: '472b69acd7622fe6f739967ec9e8d1ec') in 0.099399 seconds 
========================================================================
Received Prepare
Registering precompiled user dll's ...
Registered in 0.022162 seconds.
Begin MonoManager ReloadAssembly
Symbol file LoadedFromMemory doesn't match image C:\Users\peter\Documents\Git Kraken\Duality\Library\PackageCache\com.unity.visualscripting@1.6.1\Editor\VisualScripting.Core\Dependencies\YamlDotNet\Unity.VisualScripting.YamlDotNet.dll
Symbol file LoadedFromMemory doesn't match image C:\Users\peter\Documents\Git Kraken\Duality\Library\PackageCache\com.unity.visualscripting@1.6.1\Editor\VisualScripting.Core\Dependencies\DotNetZip\Unity.VisualScripting.IonicZip.dll
Native extension for WindowsStandalone target not found
Refreshing native plugins compatible for Editor in 2.52 ms, found 4 plugins.
Preloading 0 native plugins for Editor in 0.00 ms.
Mono: successfully reloaded assembly
- Completed reload, in  7.482 seconds
Domain Reload Profiling:
	ReloadAssembly (7486ms)
		BeginReloadAssembly (4003ms)
			ExecutionOrderSort (0ms)
			DisableScriptedObjects (159ms)
			BackupInstance (0ms)
			ReleaseScriptingObjects (0ms)
			CreateAndSetChildDomain (2796ms)
		EndReloadAssembly (3293ms)
			LoadAssemblies (1051ms)
			RebuildTransferFunctionScriptingTraits (1ms)
			SetupTypeCache (1117ms)
			ReleaseScriptCaches (5ms)
			RebuildScriptCaches (171ms)
			SetupLoadedEditorAssemblies (1306ms)
				LogAssemblyErrors (0ms)
				InitializePlatformSupportModulesInManaged (23ms)
				SetLoadedEditorAssemblies (1ms)
				RefreshPlugins (3ms)
				BeforeProcessingInitializeOnLoad (189ms)
				ProcessInitializeOnLoadAttributes (1045ms)
				ProcessInitializeOnLoadMethodAttributes (30ms)
				AfterProcessingInitializeOnLoad (15ms)
				EditorAssembliesLoaded (0ms)
			ExecutionOrderSort2 (0ms)
			AwakeInstancesAfterBackupRestoration (36ms)
Platform modules already initialized, skipping
Refreshing native plugins compatible for Editor in 2.35 ms, found 4 plugins.
Preloading 0 native plugins for Editor in 0.00 ms.
Unloading 3668 Unused Serialized files (Serialized files now loaded: 0)
System memory in use before: 136.1 MB.
System memory in use after: 136.3 MB.

Unloading 18 unused Assets to reduce memory usage. Loaded Objects now: 4146.
Total: 10.592500 ms (FindLiveObjects: 1.036400 ms CreateObjectMapping: 0.409200 ms MarkObjects: 9.082800 ms  DeleteObjects: 0.061700 ms)

AssetImportParameters requested are different than current active one (requested -> active):
  custom:framework-win-MediaFoundation: 216162199b28c13a410421893ffa2e32 -> 
  custom:video-decoder-ogg-theora: a1e56fd34408186e4bbccfd4996cb3dc -> 
  custom:container-muxer-webm: aa71ff27fc2769a1b78a27578f13a17b -> 
  custom:container-demuxer-webm: 4f35f7cbe854078d1ac9338744f61a02 -> 
  custom:container-demuxer-ogg: 62fdf1f143b41e24485cea50d1cbac27 -> 
  custom:video-encoder-webm-vp8: eb34c28f22e8b96e1ab97ce403110664 -> 
  custom:video-decoder-webm-vp8: 9c59270c3fd7afecdb556c50c9e8de78 -> 
  custom:audio-decoder-ogg-vorbis: bf7c407c2cedff20999df2af8eb42d56 -> 
  custom:audio-encoder-webm-vorbis: bf7c407c2cedff20999df2af8eb42d56 -> 
========================================================================
Received Prepare
Registering precompiled user dll's ...
Registered in 0.061406 seconds.
Begin MonoManager ReloadAssembly
Symbol file LoadedFromMemory doesn't match image C:\Users\peter\Documents\Git Kraken\Duality\Library\PackageCache\com.unity.visualscripting@1.6.1\Editor\VisualScripting.Core\Dependencies\YamlDotNet\Unity.VisualScripting.YamlDotNet.dll
Symbol file LoadedFromMemory doesn't match image C:\Users\peter\Documents\Git Kraken\Duality\Library\PackageCache\com.unity.visualscripting@1.6.1\Editor\VisualScripting.Core\Dependencies\DotNetZip\Unity.VisualScripting.IonicZip.dll
Native extension for WindowsStandalone target not found
Refreshing native plugins compatible for Editor in 4.37 ms, found 4 plugins.
Preloading 0 native plugins for Editor in 0.00 ms.
Mono: successfully reloaded assembly
- Completed reload, in  5.376 seconds
Domain Reload Profiling:
	ReloadAssembly (5385ms)
		BeginReloadAssembly (1715ms)
			ExecutionOrderSort (0ms)
			DisableScriptedObjects (71ms)
			BackupInstance (0ms)
			ReleaseScriptingObjects (2ms)
			CreateAndSetChildDomain (331ms)
		EndReloadAssembly (3105ms)
			LoadAssemblies (1508ms)
			RebuildTransferFunctionScriptingTraits (2ms)
			SetupTypeCache (1151ms)
			ReleaseScriptCaches (4ms)
			RebuildScriptCaches (119ms)
			SetupLoadedEditorAssemblies (1047ms)
				LogAssemblyErrors (0ms)
				InitializePlatformSupportModulesInManaged (16ms)
				SetLoadedEditorAssemblies (1ms)
				RefreshPlugins (5ms)
				BeforeProcessingInitializeOnLoad (247ms)
				ProcessInitializeOnLoadAttributes (736ms)
				ProcessInitializeOnLoadMethodAttributes (30ms)
				AfterProcessingInitializeOnLoad (11ms)
				EditorAssembliesLoaded (2ms)
			ExecutionOrderSort2 (1ms)
			AwakeInstancesAfterBackupRestoration (29ms)
Platform modules already initialized, skipping
Refreshing native plugins compatible for Editor in 3.02 ms, found 4 plugins.
Preloading 0 native plugins for Editor in 0.00 ms.
Unloading 3668 Unused Serialized files (Serialized files now loaded: 0)
System memory in use before: 136.1 MB.
System memory in use after: 136.4 MB.

Unloading 18 unused Assets to reduce memory usage. Loaded Objects now: 4149.
Total: 20.059100 ms (FindLiveObjects: 1.605600 ms CreateObjectMapping: 0.535200 ms MarkObjects: 17.428300 ms  DeleteObjects: 0.486800 ms)

AssetImportParameters requested are different than current active one (requested -> active):
  custom:framework-win-MediaFoundation: 216162199b28c13a410421893ffa2e32 -> 
  custom:video-decoder-ogg-theora: a1e56fd34408186e4bbccfd4996cb3dc -> 
  custom:container-muxer-webm: aa71ff27fc2769a1b78a27578f13a17b -> 
  custom:container-demuxer-webm: 4f35f7cbe854078d1ac9338744f61a02 -> 
  custom:container-demuxer-ogg: 62fdf1f143b41e24485cea50d1cbac27 -> 
  custom:video-encoder-webm-vp8: eb34c28f22e8b96e1ab97ce403110664 -> 
  custom:video-decoder-webm-vp8: 9c59270c3fd7afecdb556c50c9e8de78 -> 
  custom:audio-decoder-ogg-vorbis: bf7c407c2cedff20999df2af8eb42d56 -> 
  custom:audio-encoder-webm-vorbis: bf7c407c2cedff20999df2af8eb42d56 -> 
========================================================================
Received Import Request.
  Time since last request: 296.433767 seconds.
  path: Assets/Sprites/Frog run sheet.png
  artifactKey: Guid(36e620bfcc8f6e5428977823f5e83050) Importer(815301076,1909f56bfc062723c751e8b465ee728b)
Start importing Assets/Sprites/Frog run sheet.png using Guid(36e620bfcc8f6e5428977823f5e83050) Importer(815301076,1909f56bfc062723c751e8b465ee728b)  -> (artifact id: 'f0b1eabf7180d79242a705846990411a') in 5.504218 seconds 
========================================================================
Received Import Request.
  Time since last request: 573.800915 seconds.
  path: Assets/Scripts/MoveComponent.cs
  artifactKey: Guid(93f3f667c8171df44841536601ef3505) Importer(815301076,1909f56bfc062723c751e8b465ee728b)
Start importing Assets/Scripts/MoveComponent.cs using Guid(93f3f667c8171df44841536601ef3505) Importer(815301076,1909f56bfc062723c751e8b465ee728b)  -> (artifact id: '635db2e35b7726d3a40e40aa32977eed') in 8.297558 seconds 
========================================================================
Received Prepare
Registering precompiled user dll's ...
Registered in 1.278481 seconds.
Begin MonoManager ReloadAssembly
Symbol file LoadedFromMemory doesn't match image C:\Users\peter\Documents\Git Kraken\Duality\Library\PackageCache\com.unity.visualscripting@1.6.1\Editor\VisualScripting.Core\Dependencies\YamlDotNet\Unity.VisualScripting.YamlDotNet.dll
Symbol file LoadedFromMemory doesn't match image C:\Users\peter\Documents\Git Kraken\Duality\Library\PackageCache\com.unity.visualscripting@1.6.1\Editor\VisualScripting.Core\Dependencies\DotNetZip\Unity.VisualScripting.IonicZip.dll
Native extension for WindowsStandalone target not found
Refreshing native plugins compatible for Editor in 84.68 ms, found 4 plugins.
Preloading 0 native plugins for Editor in 0.00 ms.
Mono: successfully reloaded assembly
- Completed reload, in 57.448 seconds
Domain Reload Profiling:
	ReloadAssembly (57491ms)
		BeginReloadAssembly (10912ms)
			ExecutionOrderSort (1ms)
			DisableScriptedObjects (817ms)
			BackupInstance (0ms)
			ReleaseScriptingObjects (4ms)
			CreateAndSetChildDomain (5388ms)
		EndReloadAssembly (45256ms)
			LoadAssemblies (3605ms)
			RebuildTransferFunctionScriptingTraits (15ms)
			SetupTypeCache (37102ms)
			ReleaseScriptCaches (1518ms)
			RebuildScriptCaches (1434ms)
			SetupLoadedEditorAssemblies (2257ms)
				LogAssemblyErrors (7ms)
				InitializePlatformSupportModulesInManaged (90ms)
				SetLoadedEditorAssemblies (12ms)
				RefreshPlugins (86ms)
				BeforeProcessingInitializeOnLoad (653ms)
				ProcessInitializeOnLoadAttributes (1333ms)
				ProcessInitializeOnLoadMethodAttributes (46ms)
				AfterProcessingInitializeOnLoad (29ms)
				EditorAssembliesLoaded (3ms)
			ExecutionOrderSort2 (0ms)
			AwakeInstancesAfterBackupRestoration (73ms)
Platform modules already initialized, skipping
Refreshing native plugins compatible for Editor in 3.54 ms, found 4 plugins.
Preloading 0 native plugins for Editor in 0.00 ms.
Unloading 3669 Unused Serialized files (Serialized files now loaded: 0)
System memory in use before: 154.9 MB.
System memory in use after: 155.2 MB.

Unloading 18 unused Assets to reduce memory usage. Loaded Objects now: 4173.
Total: 54.473300 ms (FindLiveObjects: 2.329000 ms CreateObjectMapping: 3.330500 ms MarkObjects: 47.899000 ms  DeleteObjects: 0.908500 ms)

AssetImportParameters requested are different than current active one (requested -> active):
  custom:framework-win-MediaFoundation: 216162199b28c13a410421893ffa2e32 -> 
  custom:video-decoder-ogg-theora: a1e56fd34408186e4bbccfd4996cb3dc -> 
  custom:container-muxer-webm: aa71ff27fc2769a1b78a27578f13a17b -> 
  custom:container-demuxer-webm: 4f35f7cbe854078d1ac9338744f61a02 -> 
  custom:container-demuxer-ogg: 62fdf1f143b41e24485cea50d1cbac27 -> 
  custom:video-encoder-webm-vp8: eb34c28f22e8b96e1ab97ce403110664 -> 
  custom:video-decoder-webm-vp8: 9c59270c3fd7afecdb556c50c9e8de78 -> 
  custom:audio-decoder-ogg-vorbis: bf7c407c2cedff20999df2af8eb42d56 -> 
  custom:audio-encoder-webm-vorbis: bf7c407c2cedff20999df2af8eb42d56 -> 
========================================================================
Received Import Request.
  Time since last request: 445.285352 seconds.
  path: Assets/Sprites/Frog run sheet.png
  artifactKey: Guid(36e620bfcc8f6e5428977823f5e83050) Importer(815301076,1909f56bfc062723c751e8b465ee728b)
Start importing Assets/Sprites/Frog run sheet.png using Guid(36e620bfcc8f6e5428977823f5e83050) Importer(815301076,1909f56bfc062723c751e8b465ee728b)  -> (artifact id: '828900f65170fc2d9862ec431ff85bc3') in 5.273570 seconds 
========================================================================
Received Prepare
Registering precompiled user dll's ...
Registered in 0.069975 seconds.
Begin MonoManager ReloadAssembly
Symbol file LoadedFromMemory doesn't match image C:\Users\peter\Documents\Git Kraken\Duality\Library\PackageCache\com.unity.visualscripting@1.6.1\Editor\VisualScripting.Core\Dependencies\YamlDotNet\Unity.VisualScripting.YamlDotNet.dll
Symbol file LoadedFromMemory doesn't match image C:\Users\peter\Documents\Git Kraken\Duality\Library\PackageCache\com.unity.visualscripting@1.6.1\Editor\VisualScripting.Core\Dependencies\DotNetZip\Unity.VisualScripting.IonicZip.dll
Native extension for WindowsStandalone target not found
Refreshing native plugins compatible for Editor in 20.70 ms, found 4 plugins.
Preloading 0 native plugins for Editor in 0.00 ms.
Mono: successfully reloaded assembly
- Completed reload, in 16.547 seconds
Domain Reload Profiling:
	ReloadAssembly (16553ms)
		BeginReloadAssembly (4522ms)
			ExecutionOrderSort (0ms)
			DisableScriptedObjects (157ms)
			BackupInstance (0ms)
			ReleaseScriptingObjects (17ms)
			CreateAndSetChildDomain (2163ms)
		EndReloadAssembly (11769ms)
			LoadAssemblies (922ms)
			RebuildTransferFunctionScriptingTraits (3ms)
			SetupTypeCache (5925ms)
			ReleaseScriptCaches (37ms)
			RebuildScriptCaches (201ms)
			SetupLoadedEditorAssemblies (3925ms)
				LogAssemblyErrors (0ms)
				InitializePlatformSupportModulesInManaged (32ms)
				SetLoadedEditorAssemblies (2ms)
				RefreshPlugins (21ms)
				BeforeProcessingInitializeOnLoad (1010ms)
				ProcessInitializeOnLoadAttributes (2791ms)
				ProcessInitializeOnLoadMethodAttributes (43ms)
				AfterProcessingInitializeOnLoad (24ms)
				EditorAssembliesLoaded (2ms)
			ExecutionOrderSort2 (0ms)
			AwakeInstancesAfterBackupRestoration (101ms)
Platform modules already initialized, skipping
Refreshing native plugins compatible for Editor in 2.47 ms, found 4 plugins.
Preloading 0 native plugins for Editor in 0.00 ms.
Unloading 3668 Unused Serialized files (Serialized files now loaded: 0)
System memory in use before: 155.3 MB.
System memory in use after: 155.5 MB.

Unloading 18 unused Assets to reduce memory usage. Loaded Objects now: 4190.
Total: 203.571300 ms (FindLiveObjects: 2.418100 ms CreateObjectMapping: 0.496500 ms MarkObjects: 200.147800 ms  DeleteObjects: 0.504400 ms)

AssetImportParameters requested are different than current active one (requested -> active):
  custom:framework-win-MediaFoundation: 216162199b28c13a410421893ffa2e32 -> 
  custom:video-decoder-ogg-theora: a1e56fd34408186e4bbccfd4996cb3dc -> 
  custom:container-muxer-webm: aa71ff27fc2769a1b78a27578f13a17b -> 
  custom:container-demuxer-webm: 4f35f7cbe854078d1ac9338744f61a02 -> 
  custom:container-demuxer-ogg: 62fdf1f143b41e24485cea50d1cbac27 -> 
  custom:video-encoder-webm-vp8: eb34c28f22e8b96e1ab97ce403110664 -> 
  custom:video-decoder-webm-vp8: 9c59270c3fd7afecdb556c50c9e8de78 -> 
  custom:audio-decoder-ogg-vorbis: bf7c407c2cedff20999df2af8eb42d56 -> 
  custom:audio-encoder-webm-vorbis: bf7c407c2cedff20999df2af8eb42d56 -> 
========================================================================
Received Import Request.
  Time since last request: 3695.466527 seconds.
  path: Assets/Sprites/Frog Run sheet.png
  artifactKey: Guid(36e620bfcc8f6e5428977823f5e83050) Importer(815301076,1909f56bfc062723c751e8b465ee728b)
Start importing Assets/Sprites/Frog Run sheet.png using Guid(36e620bfcc8f6e5428977823f5e83050) Importer(815301076,1909f56bfc062723c751e8b465ee728b)  -> (artifact id: '6fe9e8bb19cf9fe608fedba67bb940f4') in 6.071505 seconds 
========================================================================
Received Import Request.
  Time since last request: 31.760943 seconds.
  path: Assets/Sprites/Frog Run sheet.png
  artifactKey: Guid(36e620bfcc8f6e5428977823f5e83050) Importer(815301076,1909f56bfc062723c751e8b465ee728b)
Start importing Assets/Sprites/Frog Run sheet.png using Guid(36e620bfcc8f6e5428977823f5e83050) Importer(815301076,1909f56bfc062723c751e8b465ee728b)  -> (artifact id: '95274f3e8cd006df509142cd556bd566') in 0.281581 seconds 
========================================================================
Received Import Request.
  Time since last request: 196.438365 seconds.
  path: Assets/Sprites/Frog walk sheet.png
  artifactKey: Guid(c66c3079bac13d1438b203e1cf545d70) Importer(815301076,1909f56bfc062723c751e8b465ee728b)
Start importing Assets/Sprites/Frog walk sheet.png using Guid(c66c3079bac13d1438b203e1cf545d70) Importer(815301076,1909f56bfc062723c751e8b465ee728b)  -> (artifact id: 'ff26f3dc265c879c8b63790e0b6b3fc0') in 1.699898 seconds 
========================================================================
Received Import Request.
  Time since last request: 40.665330 seconds.
  path: Assets/Sprites/Frog walk sheet.png
  artifactKey: Guid(c66c3079bac13d1438b203e1cf545d70) Importer(815301076,1909f56bfc062723c751e8b465ee728b)
Start importing Assets/Sprites/Frog walk sheet.png using Guid(c66c3079bac13d1438b203e1cf545d70) Importer(815301076,1909f56bfc062723c751e8b465ee728b)  -> (artifact id: 'ebfc0588879c5cdc522e0e481f11c889') in 0.880887 seconds 
========================================================================
Received Import Request.
  Time since last request: 64.222705 seconds.
  path: Assets/Sprites/Frog walk sheet.png
  artifactKey: Guid(c66c3079bac13d1438b203e1cf545d70) Importer(815301076,1909f56bfc062723c751e8b465ee728b)
Start importing Assets/Sprites/Frog walk sheet.png using Guid(c66c3079bac13d1438b203e1cf545d70) Importer(815301076,1909f56bfc062723c751e8b465ee728b)  -> (artifact id: '7197aef277e9a43140085c8df38ce57f') in 2.377718 seconds 
========================================================================
Received Import Request.
  Time since last request: 276.032654 seconds.
  path: Assets/Sprites/Frog run controller.controller
  artifactKey: Guid(7c7654d872bec1b408f049e63889d3a7) Importer(815301076,1909f56bfc062723c751e8b465ee728b)
Start importing Assets/Sprites/Frog run controller.controller using Guid(7c7654d872bec1b408f049e63889d3a7) Importer(815301076,1909f56bfc062723c751e8b465ee728b)  -> (artifact id: 'a54ea19204a1d773eb00a1e31f3eaa0d') in 0.682190 seconds 
========================================================================
Received Prepare
Registering precompiled user dll's ...
Registered in 0.066124 seconds.
Begin MonoManager ReloadAssembly
Symbol file LoadedFromMemory doesn't match image C:\Users\peter\Documents\Git Kraken\Duality\Library\PackageCache\com.unity.visualscripting@1.6.1\Editor\VisualScripting.Core\Dependencies\YamlDotNet\Unity.VisualScripting.YamlDotNet.dll
Symbol file LoadedFromMemory doesn't match image C:\Users\peter\Documents\Git Kraken\Duality\Library\PackageCache\com.unity.visualscripting@1.6.1\Editor\VisualScripting.Core\Dependencies\DotNetZip\Unity.VisualScripting.IonicZip.dll
Native extension for WindowsStandalone target not found
Refreshing native plugins compatible for Editor in 3.20 ms, found 4 plugins.
Preloading 0 native plugins for Editor in 0.00 ms.
Mono: successfully reloaded assembly
- Completed reload, in  8.017 seconds
Domain Reload Profiling:
	ReloadAssembly (8024ms)
		BeginReloadAssembly (3573ms)
			ExecutionOrderSort (0ms)
			DisableScriptedObjects (229ms)
			BackupInstance (0ms)
			ReleaseScriptingObjects (4ms)
			CreateAndSetChildDomain (2287ms)
		EndReloadAssembly (4105ms)
			LoadAssemblies (1664ms)
			RebuildTransferFunctionScriptingTraits (3ms)
			SetupTypeCache (1175ms)
			ReleaseScriptCaches (3ms)
			RebuildScriptCaches (122ms)
			SetupLoadedEditorAssemblies (1246ms)
				LogAssemblyErrors (0ms)
				InitializePlatformSupportModulesInManaged (26ms)
				SetLoadedEditorAssemblies (2ms)
				RefreshPlugins (4ms)
				BeforeProcessingInitializeOnLoad (195ms)
				ProcessInitializeOnLoadAttributes (982ms)
				ProcessInitializeOnLoadMethodAttributes (24ms)
				AfterProcessingInitializeOnLoad (12ms)
				EditorAssembliesLoaded (1ms)
			ExecutionOrderSort2 (0ms)
			AwakeInstancesAfterBackupRestoration (63ms)
Platform modules already initialized, skipping
Refreshing native plugins compatible for Editor in 2.82 ms, found 4 plugins.
Preloading 0 native plugins for Editor in 0.00 ms.
Unloading 3669 Unused Serialized files (Serialized files now loaded: 0)
System memory in use before: 171.5 MB.
System memory in use after: 171.8 MB.

Unloading 18 unused Assets to reduce memory usage. Loaded Objects now: 4277.
Total: 39.753100 ms (FindLiveObjects: 3.156300 ms CreateObjectMapping: 1.626200 ms MarkObjects: 34.896500 ms  DeleteObjects: 0.070500 ms)

AssetImportParameters requested are different than current active one (requested -> active):
  custom:framework-win-MediaFoundation: 216162199b28c13a410421893ffa2e32 -> 
  custom:video-decoder-ogg-theora: a1e56fd34408186e4bbccfd4996cb3dc -> 
  custom:container-muxer-webm: aa71ff27fc2769a1b78a27578f13a17b -> 
  custom:container-demuxer-webm: 4f35f7cbe854078d1ac9338744f61a02 -> 
  custom:container-demuxer-ogg: 62fdf1f143b41e24485cea50d1cbac27 -> 
  custom:video-encoder-webm-vp8: eb34c28f22e8b96e1ab97ce403110664 -> 
  custom:video-decoder-webm-vp8: 9c59270c3fd7afecdb556c50c9e8de78 -> 
  custom:audio-decoder-ogg-vorbis: bf7c407c2cedff20999df2af8eb42d56 -> 
  custom:audio-encoder-webm-vorbis: bf7c407c2cedff20999df2af8eb42d56 -> 
========================================================================
Received Prepare
Registering precompiled user dll's ...
Registered in 0.073262 seconds.
Begin MonoManager ReloadAssembly
Symbol file LoadedFromMemory doesn't match image C:\Users\peter\Documents\Git Kraken\Duality\Library\PackageCache\com.unity.visualscripting@1.6.1\Editor\VisualScripting.Core\Dependencies\YamlDotNet\Unity.VisualScripting.YamlDotNet.dll
Symbol file LoadedFromMemory doesn't match image C:\Users\peter\Documents\Git Kraken\Duality\Library\PackageCache\com.unity.visualscripting@1.6.1\Editor\VisualScripting.Core\Dependencies\DotNetZip\Unity.VisualScripting.IonicZip.dll
Native extension for WindowsStandalone target not found
Refreshing native plugins compatible for Editor in 2.73 ms, found 4 plugins.
Preloading 0 native plugins for Editor in 0.00 ms.
Mono: successfully reloaded assembly
- Completed reload, in  7.876 seconds
Domain Reload Profiling:
	ReloadAssembly (7890ms)
		BeginReloadAssembly (3446ms)
			ExecutionOrderSort (0ms)
			DisableScriptedObjects (441ms)
			BackupInstance (0ms)
			ReleaseScriptingObjects (3ms)
			CreateAndSetChildDomain (1200ms)
		EndReloadAssembly (4237ms)
			LoadAssemblies (1258ms)
			RebuildTransferFunctionScriptingTraits (0ms)
			SetupTypeCache (1811ms)
			ReleaseScriptCaches (5ms)
			RebuildScriptCaches (126ms)
			SetupLoadedEditorAssemblies (892ms)
				LogAssemblyErrors (0ms)
				InitializePlatformSupportModulesInManaged (15ms)
				SetLoadedEditorAssemblies (1ms)
				RefreshPlugins (3ms)
				BeforeProcessingInitializeOnLoad (178ms)
				ProcessInitializeOnLoadAttributes (656ms)
				ProcessInitializeOnLoadMethodAttributes (26ms)
				AfterProcessingInitializeOnLoad (12ms)
				EditorAssembliesLoaded (1ms)
			ExecutionOrderSort2 (0ms)
			AwakeInstancesAfterBackupRestoration (49ms)
Platform modules already initialized, skipping
Refreshing native plugins compatible for Editor in 2.41 ms, found 4 plugins.
Preloading 0 native plugins for Editor in 0.00 ms.
Unloading 3668 Unused Serialized files (Serialized files now loaded: 0)
System memory in use before: 171.5 MB.
System memory in use after: 171.7 MB.

Unloading 18 unused Assets to reduce memory usage. Loaded Objects now: 4280.
Total: 16.624500 ms (FindLiveObjects: 1.024500 ms CreateObjectMapping: 0.379300 ms MarkObjects: 15.146600 ms  DeleteObjects: 0.071300 ms)

AssetImportParameters requested are different than current active one (requested -> active):
  custom:framework-win-MediaFoundation: 216162199b28c13a410421893ffa2e32 -> 
  custom:video-decoder-ogg-theora: a1e56fd34408186e4bbccfd4996cb3dc -> 
  custom:container-muxer-webm: aa71ff27fc2769a1b78a27578f13a17b -> 
  custom:container-demuxer-webm: 4f35f7cbe854078d1ac9338744f61a02 -> 
  custom:container-demuxer-ogg: 62fdf1f143b41e24485cea50d1cbac27 -> 
  custom:video-encoder-webm-vp8: eb34c28f22e8b96e1ab97ce403110664 -> 
  custom:video-decoder-webm-vp8: 9c59270c3fd7afecdb556c50c9e8de78 -> 
  custom:audio-decoder-ogg-vorbis: bf7c407c2cedff20999df2af8eb42d56 -> 
  custom:audio-encoder-webm-vorbis: bf7c407c2cedff20999df2af8eb42d56 -> 
========================================================================
Received Prepare
Registering precompiled user dll's ...
Registered in 0.030136 seconds.
Begin MonoManager ReloadAssembly
Symbol file LoadedFromMemory doesn't match image C:\Users\peter\Documents\Git Kraken\Duality\Library\PackageCache\com.unity.visualscripting@1.6.1\Editor\VisualScripting.Core\Dependencies\YamlDotNet\Unity.VisualScripting.YamlDotNet.dll
Symbol file LoadedFromMemory doesn't match image C:\Users\peter\Documents\Git Kraken\Duality\Library\PackageCache\com.unity.visualscripting@1.6.1\Editor\VisualScripting.Core\Dependencies\DotNetZip\Unity.VisualScripting.IonicZip.dll
Native extension for WindowsStandalone target not found
Refreshing native plugins compatible for Editor in 110.89 ms, found 4 plugins.
Preloading 0 native plugins for Editor in 0.00 ms.
Mono: successfully reloaded assembly
- Completed reload, in 14.861 seconds
Domain Reload Profiling:
	ReloadAssembly (14863ms)
		BeginReloadAssembly (1575ms)
			ExecutionOrderSort (0ms)
			DisableScriptedObjects (83ms)
			BackupInstance (0ms)
			ReleaseScriptingObjects (3ms)
			CreateAndSetChildDomain (744ms)
		EndReloadAssembly (12921ms)
			LoadAssemblies (883ms)
			RebuildTransferFunctionScriptingTraits (4ms)
			SetupTypeCache (2642ms)
			ReleaseScriptCaches (4ms)
			RebuildScriptCaches (508ms)
			SetupLoadedEditorAssemblies (2961ms)
				LogAssemblyErrors (0ms)
				InitializePlatformSupportModulesInManaged (38ms)
				SetLoadedEditorAssemblies (2ms)
				RefreshPlugins (111ms)
				BeforeProcessingInitializeOnLoad (676ms)
				ProcessInitializeOnLoadAttributes (2070ms)
				ProcessInitializeOnLoadMethodAttributes (43ms)
				AfterProcessingInitializeOnLoad (19ms)
				EditorAssembliesLoaded (2ms)
			ExecutionOrderSort2 (0ms)
			AwakeInstancesAfterBackupRestoration (118ms)
Platform modules already initialized, skipping
Refreshing native plugins compatible for Editor in 2.50 ms, found 4 plugins.
Preloading 0 native plugins for Editor in 0.00 ms.
Unloading 3668 Unused Serialized files (Serialized files now loaded: 0)
System memory in use before: 171.5 MB.
System memory in use after: 171.7 MB.

Unloading 18 unused Assets to reduce memory usage. Loaded Objects now: 4283.
Total: 70.562500 ms (FindLiveObjects: 2.461800 ms CreateObjectMapping: 0.840000 ms MarkObjects: 66.564500 ms  DeleteObjects: 0.693400 ms)

AssetImportParameters requested are different than current active one (requested -> active):
  custom:framework-win-MediaFoundation: 216162199b28c13a410421893ffa2e32 -> 
  custom:video-decoder-ogg-theora: a1e56fd34408186e4bbccfd4996cb3dc -> 
  custom:container-muxer-webm: aa71ff27fc2769a1b78a27578f13a17b -> 
  custom:container-demuxer-webm: 4f35f7cbe854078d1ac9338744f61a02 -> 
  custom:container-demuxer-ogg: 62fdf1f143b41e24485cea50d1cbac27 -> 
  custom:video-encoder-webm-vp8: eb34c28f22e8b96e1ab97ce403110664 -> 
  custom:video-decoder-webm-vp8: 9c59270c3fd7afecdb556c50c9e8de78 -> 
  custom:audio-decoder-ogg-vorbis: bf7c407c2cedff20999df2af8eb42d56 -> 
  custom:audio-encoder-webm-vorbis: bf7c407c2cedff20999df2af8eb42d56 -> 
========================================================================
Received Prepare
Registering precompiled user dll's ...
Registered in 0.185647 seconds.
Begin MonoManager ReloadAssembly
Symbol file LoadedFromMemory doesn't match image C:\Users\peter\Documents\Git Kraken\Duality\Library\PackageCache\com.unity.visualscripting@1.6.1\Editor\VisualScripting.Core\Dependencies\YamlDotNet\Unity.VisualScripting.YamlDotNet.dll
Symbol file LoadedFromMemory doesn't match image C:\Users\peter\Documents\Git Kraken\Duality\Library\PackageCache\com.unity.visualscripting@1.6.1\Editor\VisualScripting.Core\Dependencies\DotNetZip\Unity.VisualScripting.IonicZip.dll
Native extension for WindowsStandalone target not found
Refreshing native plugins compatible for Editor in 7.75 ms, found 4 plugins.
Preloading 0 native plugins for Editor in 0.00 ms.
Mono: successfully reloaded assembly
- Completed reload, in  8.141 seconds
Domain Reload Profiling:
	ReloadAssembly (8166ms)
		BeginReloadAssembly (2364ms)
			ExecutionOrderSort (0ms)
			DisableScriptedObjects (1336ms)
			BackupInstance (0ms)
			ReleaseScriptingObjects (3ms)
			CreateAndSetChildDomain (352ms)
		EndReloadAssembly (5550ms)
			LoadAssemblies (866ms)
			RebuildTransferFunctionScriptingTraits (10ms)
			SetupTypeCache (1586ms)
			ReleaseScriptCaches (6ms)
			RebuildScriptCaches (150ms)
			SetupLoadedEditorAssemblies (2289ms)
				LogAssemblyErrors (0ms)
				InitializePlatformSupportModulesInManaged (38ms)
				SetLoadedEditorAssemblies (4ms)
				RefreshPlugins (11ms)
				BeforeProcessingInitializeOnLoad (678ms)
				ProcessInitializeOnLoadAttributes (1500ms)
				ProcessInitializeOnLoadMethodAttributes (42ms)
				AfterProcessingInitializeOnLoad (15ms)
				EditorAssembliesLoaded (1ms)
			ExecutionOrderSort2 (0ms)
			AwakeInstancesAfterBackupRestoration (102ms)
Platform modules already initialized, skipping
Refreshing native plugins compatible for Editor in 2.40 ms, found 4 plugins.
Preloading 0 native plugins for Editor in 0.00 ms.
Unloading 3668 Unused Serialized files (Serialized files now loaded: 0)
System memory in use before: 171.5 MB.
System memory in use after: 171.8 MB.

Unloading 18 unused Assets to reduce memory usage. Loaded Objects now: 4286.
Total: 25.175100 ms (FindLiveObjects: 2.058700 ms CreateObjectMapping: 0.293600 ms MarkObjects: 22.164000 ms  DeleteObjects: 0.654800 ms)

AssetImportParameters requested are different than current active one (requested -> active):
  custom:framework-win-MediaFoundation: 216162199b28c13a410421893ffa2e32 -> 
  custom:video-decoder-ogg-theora: a1e56fd34408186e4bbccfd4996cb3dc -> 
  custom:container-muxer-webm: aa71ff27fc2769a1b78a27578f13a17b -> 
  custom:container-demuxer-webm: 4f35f7cbe854078d1ac9338744f61a02 -> 
  custom:container-demuxer-ogg: 62fdf1f143b41e24485cea50d1cbac27 -> 
  custom:video-encoder-webm-vp8: eb34c28f22e8b96e1ab97ce403110664 -> 
  custom:video-decoder-webm-vp8: 9c59270c3fd7afecdb556c50c9e8de78 -> 
  custom:audio-decoder-ogg-vorbis: bf7c407c2cedff20999df2af8eb42d56 -> 
  custom:audio-encoder-webm-vorbis: bf7c407c2cedff20999df2af8eb42d56 -> 
========================================================================
Received Import Request.
  Time since last request: 2137.520429 seconds.
  path: Assets/Sprites/Frog walk sheet.png
  artifactKey: Guid(c66c3079bac13d1438b203e1cf545d70) Importer(815301076,1909f56bfc062723c751e8b465ee728b)
Start importing Assets/Sprites/Frog walk sheet.png using Guid(c66c3079bac13d1438b203e1cf545d70) Importer(815301076,1909f56bfc062723c751e8b465ee728b)  -> (artifact id: 'c2c9ad106c9c3774378928301200cd96') in 1.229329 seconds 
========================================================================
Received Prepare
Registering precompiled user dll's ...
Registered in 0.123625 seconds.
Begin MonoManager ReloadAssembly
Symbol file LoadedFromMemory doesn't match image C:\Users\peter\Documents\Git Kraken\Duality\Library\PackageCache\com.unity.visualscripting@1.6.1\Editor\VisualScripting.Core\Dependencies\YamlDotNet\Unity.VisualScripting.YamlDotNet.dll
Symbol file LoadedFromMemory doesn't match image C:\Users\peter\Documents\Git Kraken\Duality\Library\PackageCache\com.unity.visualscripting@1.6.1\Editor\VisualScripting.Core\Dependencies\DotNetZip\Unity.VisualScripting.IonicZip.dll
Native extension for WindowsStandalone target not found
Refreshing native plugins compatible for Editor in 9.36 ms, found 4 plugins.
Preloading 0 native plugins for Editor in 0.00 ms.
Mono: successfully reloaded assembly
- Completed reload, in 18.295 seconds
Domain Reload Profiling:
	ReloadAssembly (18304ms)
		BeginReloadAssembly (2631ms)
			ExecutionOrderSort (0ms)
			DisableScriptedObjects (257ms)
			BackupInstance (0ms)
			ReleaseScriptingObjects (2ms)
			CreateAndSetChildDomain (1643ms)
		EndReloadAssembly (14493ms)
			LoadAssemblies (2027ms)
			RebuildTransferFunctionScriptingTraits (31ms)
			SetupTypeCache (8005ms)
			ReleaseScriptCaches (13ms)
			RebuildScriptCaches (236ms)
			SetupLoadedEditorAssemblies (3801ms)
				LogAssemblyErrors (0ms)
				InitializePlatformSupportModulesInManaged (29ms)
				SetLoadedEditorAssemblies (2ms)
				RefreshPlugins (10ms)
				BeforeProcessingInitializeOnLoad (2007ms)
				ProcessInitializeOnLoadAttributes (1712ms)
				ProcessInitializeOnLoadMethodAttributes (25ms)
				AfterProcessingInitializeOnLoad (15ms)
				EditorAssembliesLoaded (1ms)
			ExecutionOrderSort2 (0ms)
			AwakeInstancesAfterBackupRestoration (51ms)
Platform modules already initialized, skipping
Refreshing native plugins compatible for Editor in 3.98 ms, found 4 plugins.
Preloading 0 native plugins for Editor in 0.00 ms.
Unloading 3668 Unused Serialized files (Serialized files now loaded: 0)
System memory in use before: 171.9 MB.
System memory in use after: 172.2 MB.

Unloading 18 unused Assets to reduce memory usage. Loaded Objects now: 4306.
Total: 93.480900 ms (FindLiveObjects: 66.919600 ms CreateObjectMapping: 0.893100 ms MarkObjects: 25.579400 ms  DeleteObjects: 0.083000 ms)

AssetImportParameters requested are different than current active one (requested -> active):
  custom:framework-win-MediaFoundation: 216162199b28c13a410421893ffa2e32 -> 
  custom:video-decoder-ogg-theora: a1e56fd34408186e4bbccfd4996cb3dc -> 
  custom:container-muxer-webm: aa71ff27fc2769a1b78a27578f13a17b -> 
  custom:container-demuxer-webm: 4f35f7cbe854078d1ac9338744f61a02 -> 
  custom:container-demuxer-ogg: 62fdf1f143b41e24485cea50d1cbac27 -> 
  custom:video-encoder-webm-vp8: eb34c28f22e8b96e1ab97ce403110664 -> 
  custom:video-decoder-webm-vp8: 9c59270c3fd7afecdb556c50c9e8de78 -> 
  custom:audio-decoder-ogg-vorbis: bf7c407c2cedff20999df2af8eb42d56 -> 
  custom:audio-encoder-webm-vorbis: bf7c407c2cedff20999df2af8eb42d56 -> 
========================================================================
Received Prepare
Registering precompiled user dll's ...
Registered in 0.029078 seconds.
Begin MonoManager ReloadAssembly
Symbol file LoadedFromMemory doesn't match image C:\Users\peter\Documents\Git Kraken\Duality\Library\PackageCache\com.unity.visualscripting@1.6.1\Editor\VisualScripting.Core\Dependencies\YamlDotNet\Unity.VisualScripting.YamlDotNet.dll
Symbol file LoadedFromMemory doesn't match image C:\Users\peter\Documents\Git Kraken\Duality\Library\PackageCache\com.unity.visualscripting@1.6.1\Editor\VisualScripting.Core\Dependencies\DotNetZip\Unity.VisualScripting.IonicZip.dll
Native extension for WindowsStandalone target not found
Refreshing native plugins compatible for Editor in 2.54 ms, found 4 plugins.
Preloading 0 native plugins for Editor in 0.00 ms.
Mono: successfully reloaded assembly
- Completed reload, in 12.537 seconds
Domain Reload Profiling:
	ReloadAssembly (12541ms)
		BeginReloadAssembly (6580ms)
			ExecutionOrderSort (0ms)
			DisableScriptedObjects (147ms)
			BackupInstance (0ms)
			ReleaseScriptingObjects (2ms)
			CreateAndSetChildDomain (5819ms)
		EndReloadAssembly (5462ms)
			LoadAssemblies (611ms)
			RebuildTransferFunctionScriptingTraits (2ms)
			SetupTypeCache (1659ms)
			ReleaseScriptCaches (33ms)
			RebuildScriptCaches (341ms)
			SetupLoadedEditorAssemblies (1847ms)
				LogAssemblyErrors (0ms)
				InitializePlatformSupportModulesInManaged (37ms)
				SetLoadedEditorAssemblies (2ms)
				RefreshPlugins (3ms)
				BeforeProcessingInitializeOnLoad (256ms)
				ProcessInitializeOnLoadAttributes (1490ms)
				ProcessInitializeOnLoadMethodAttributes (32ms)
				AfterProcessingInitializeOnLoad (22ms)
				EditorAssembliesLoaded (6ms)
			ExecutionOrderSort2 (0ms)
			AwakeInstancesAfterBackupRestoration (75ms)
Platform modules already initialized, skipping
Refreshing native plugins compatible for Editor in 2.54 ms, found 4 plugins.
Preloading 0 native plugins for Editor in 0.00 ms.
Unloading 3668 Unused Serialized files (Serialized files now loaded: 0)
System memory in use before: 171.9 MB.
System memory in use after: 172.2 MB.

Unloading 18 unused Assets to reduce memory usage. Loaded Objects now: 4309.
Total: 17.339900 ms (FindLiveObjects: 4.894400 ms CreateObjectMapping: 0.962300 ms MarkObjects: 11.406600 ms  DeleteObjects: 0.073400 ms)

AssetImportParameters requested are different than current active one (requested -> active):
  custom:framework-win-MediaFoundation: 216162199b28c13a410421893ffa2e32 -> 
  custom:video-decoder-ogg-theora: a1e56fd34408186e4bbccfd4996cb3dc -> 
  custom:container-muxer-webm: aa71ff27fc2769a1b78a27578f13a17b -> 
  custom:container-demuxer-webm: 4f35f7cbe854078d1ac9338744f61a02 -> 
  custom:container-demuxer-ogg: 62fdf1f143b41e24485cea50d1cbac27 -> 
  custom:video-encoder-webm-vp8: eb34c28f22e8b96e1ab97ce403110664 -> 
  custom:video-decoder-webm-vp8: 9c59270c3fd7afecdb556c50c9e8de78 -> 
  custom:audio-decoder-ogg-vorbis: bf7c407c2cedff20999df2af8eb42d56 -> 
  custom:audio-encoder-webm-vorbis: bf7c407c2cedff20999df2af8eb42d56 -> 
========================================================================
Received Import Request.
  Time since last request: 1422.336166 seconds.
  path: Assets/Main Scene.unity
  artifactKey: Guid(6c984114945b4764ab45e5c9cef90fb7) Importer(815301076,1909f56bfc062723c751e8b465ee728b)
Start importing Assets/Main Scene.unity using Guid(6c984114945b4764ab45e5c9cef90fb7) Importer(815301076,1909f56bfc062723c751e8b465ee728b)  -> (artifact id: 'd93032e009594e37f2b0bfd183599aa9') in 1.352135 seconds 
========================================================================
Received Import Request.
  Time since last request: 297.017999 seconds.
  path: Assets
  artifactKey: Guid(00000000000000001000000000000000) Importer(815301076,1909f56bfc062723c751e8b465ee728b)
Start importing Assets using Guid(00000000000000001000000000000000) Importer(815301076,1909f56bfc062723c751e8b465ee728b)  -> (artifact id: '42d402b061de3733987d63b9cc3b64de') in 0.044575 seconds 
========================================================================
Received Import Request.
  Time since last request: 10.601176 seconds.
  path: Assets/Scenes
  artifactKey: Guid(0d0fca8ebcde0bd489058945b2cd2b12) Importer(815301076,1909f56bfc062723c751e8b465ee728b)
Start importing Assets/Scenes using Guid(0d0fca8ebcde0bd489058945b2cd2b12) Importer(815301076,1909f56bfc062723c751e8b465ee728b)  -> (artifact id: '04237143aa1a446ebb895d5f7fff0947') in 0.052461 seconds 
========================================================================
Received Import Request.
  Time since last request: 23.448035 seconds.
  path: Assets/Scenes/Peter's Scene.unity
  artifactKey: Guid(f02c3489396c8c442b1fcb55eac63fd0) Importer(815301076,1909f56bfc062723c751e8b465ee728b)
Start importing Assets/Scenes/Peter's Scene.unity using Guid(f02c3489396c8c442b1fcb55eac63fd0) Importer(815301076,1909f56bfc062723c751e8b465ee728b)  -> (artifact id: '452baf62c99478a9f21e5b0263b78234') in 0.256031 seconds 
========================================================================
Received Import Request.
  Time since last request: 131.888552 seconds.
  path: Assets/Scenes/Main Scene 1.unity
  artifactKey: Guid(3b5a9b7808905884d994bbdfe74f7d15) Importer(815301076,1909f56bfc062723c751e8b465ee728b)
Start importing Assets/Scenes/Main Scene 1.unity using Guid(3b5a9b7808905884d994bbdfe74f7d15) Importer(815301076,1909f56bfc062723c751e8b465ee728b)  -> (artifact id: '5f8184de87a0356568bcc5789c409663') in 0.106861 seconds 
========================================================================
Received Import Request.
  Time since last request: 18.655727 seconds.
  path: Assets/Scenes/Peter's Scene.unity
  artifactKey: Guid(6c984114945b4764ab45e5c9cef90fb7) Importer(815301076,1909f56bfc062723c751e8b465ee728b)
Start importing Assets/Scenes/Peter's Scene.unity using Guid(6c984114945b4764ab45e5c9cef90fb7) Importer(815301076,1909f56bfc062723c751e8b465ee728b)  -> (artifact id: 'c3c2d829d1ffda4588f9cfe2b0a755b3') in 0.029076 seconds 
========================================================================
Received Import Request.
  Time since last request: 15.278322 seconds.
  path: Assets/Scenes/Main Scene 2.unity
  artifactKey: Guid(1851e50970e974147b0c9d4e7b264ea5) Importer(815301076,1909f56bfc062723c751e8b465ee728b)
Start importing Assets/Scenes/Main Scene 2.unity using Guid(1851e50970e974147b0c9d4e7b264ea5) Importer(815301076,1909f56bfc062723c751e8b465ee728b)  -> (artifact id: '12de5e7f52a16c051021b2a0c95723a7') in 0.139761 seconds 
========================================================================
Received Import Request.
  Time since last request: 6.879416 seconds.
  path: Assets/Scenes/Peter's Scene.unity
  artifactKey: Guid(1851e50970e974147b0c9d4e7b264ea5) Importer(815301076,1909f56bfc062723c751e8b465ee728b)
Start importing Assets/Scenes/Peter's Scene.unity using Guid(1851e50970e974147b0c9d4e7b264ea5) Importer(815301076,1909f56bfc062723c751e8b465ee728b)  -> (artifact id: 'd357c69918d339ba03ef27d66562ea5d') in 0.047457 seconds 
========================================================================
Received Import Request.
  Time since last request: 14.117282 seconds.
  path: Assets/Scenes/Peter's Scene.unity
  artifactKey: Guid(1851e50970e974147b0c9d4e7b264ea5) Importer(815301076,1909f56bfc062723c751e8b465ee728b)
Start importing Assets/Scenes/Peter's Scene.unity using Guid(1851e50970e974147b0c9d4e7b264ea5) Importer(815301076,1909f56bfc062723c751e8b465ee728b)  -> (artifact id: 'ec2772f744b32127048c5b58813de9bd') in 0.023597 seconds 
========================================================================
Received Import Request.
  Time since last request: 68.614398 seconds.
  path: Assets/Scenes/Main Scene 2.unity
  artifactKey: Guid(7c850ccb4162e8d44a86c4825f7fe7a9) Importer(815301076,1909f56bfc062723c751e8b465ee728b)
Start importing Assets/Scenes/Main Scene 2.unity using Guid(7c850ccb4162e8d44a86c4825f7fe7a9) Importer(815301076,1909f56bfc062723c751e8b465ee728b)  -> (artifact id: 'a4076d30acae060d68122c9bd3732dfe') in 0.122406 seconds 
========================================================================
Received Import Request.
  Time since last request: 15.163039 seconds.
  path: Assets/Scenes/Peter's.unity
  artifactKey: Guid(7c850ccb4162e8d44a86c4825f7fe7a9) Importer(815301076,1909f56bfc062723c751e8b465ee728b)
Start importing Assets/Scenes/Peter's.unity using Guid(7c850ccb4162e8d44a86c4825f7fe7a9) Importer(815301076,1909f56bfc062723c751e8b465ee728b)  -> (artifact id: '35fdb140d4354b63c0989c30ccbf4fb2') in 0.112102 seconds 
========================================================================
Received Import Request.
  Time since last request: 16.687143 seconds.
  path: Assets/Scenes/Main Scene.unity
  artifactKey: Guid(3b5a9b7808905884d994bbdfe74f7d15) Importer(815301076,1909f56bfc062723c751e8b465ee728b)
Start importing Assets/Scenes/Main Scene.unity using Guid(3b5a9b7808905884d994bbdfe74f7d15) Importer(815301076,1909f56bfc062723c751e8b465ee728b)  -> (artifact id: '474bfb17a656c069ee24d962f5b01a96') in 0.021398 seconds 
========================================================================
Received Import Request.
  Time since last request: 5.948965 seconds.
  path: Assets/Scenes/Main Scene 1.unity
  artifactKey: Guid(e95c833921547394a91f31c7e5388d58) Importer(815301076,1909f56bfc062723c751e8b465ee728b)
Start importing Assets/Scenes/Main Scene 1.unity using Guid(e95c833921547394a91f31c7e5388d58) Importer(815301076,1909f56bfc062723c751e8b465ee728b)  -> (artifact id: 'b1b8f5d52699397a11bf946f3aad35dd') in 0.053265 seconds 
========================================================================
Received Import Request.
  Time since last request: 7.852208 seconds.
  path: Assets/Scenes/Peter's Scene.unity
  artifactKey: Guid(e95c833921547394a91f31c7e5388d58) Importer(815301076,1909f56bfc062723c751e8b465ee728b)
Start importing Assets/Scenes/Peter's Scene.unity using Guid(e95c833921547394a91f31c7e5388d58) Importer(815301076,1909f56bfc062723c751e8b465ee728b)  -> (artifact id: '20906f58eeb6f75d450bf8db21ef634d') in 0.071844 seconds 
========================================================================
Received Import Request.
  Time since last request: 137.774625 seconds.
  path: Assets/Scenes/Main Scene 1.unity
  artifactKey: Guid(174708e58edd1874d9593b58bc3e1dd0) Importer(815301076,1909f56bfc062723c751e8b465ee728b)
Start importing Assets/Scenes/Main Scene 1.unity using Guid(174708e58edd1874d9593b58bc3e1dd0) Importer(815301076,1909f56bfc062723c751e8b465ee728b)  -> (artifact id: 'afc30a343e88a69517c7ad94771a3cfd') in 0.061437 seconds 
========================================================================
Received Import Request.
  Time since last request: 29.120224 seconds.
  path: Assets/Scenes/Peter's scene.unity
  artifactKey: Guid(174708e58edd1874d9593b58bc3e1dd0) Importer(815301076,1909f56bfc062723c751e8b465ee728b)
Start importing Assets/Scenes/Peter's scene.unity using Guid(174708e58edd1874d9593b58bc3e1dd0) Importer(815301076,1909f56bfc062723c751e8b465ee728b)  -> (artifact id: '158bd6cb36aa837c27b4a956aae089fa') in 0.114264 seconds 
========================================================================
Received Import Request.
  Time since last request: 36.483686 seconds.
  path: Assets/Scenes/Peter's scene.unity
  artifactKey: Guid(174708e58edd1874d9593b58bc3e1dd0) Importer(815301076,1909f56bfc062723c751e8b465ee728b)
Start importing Assets/Scenes/Peter's scene.unity using Guid(174708e58edd1874d9593b58bc3e1dd0) Importer(815301076,1909f56bfc062723c751e8b465ee728b)  -> (artifact id: 'e34bf770bcae4a97602b84e35e5a83e8') in 0.019354 seconds 
========================================================================
Received Import Request.
  Time since last request: 38.130938 seconds.
  path: Assets/Scenes/Pete's scene.unity
  artifactKey: Guid(174708e58edd1874d9593b58bc3e1dd0) Importer(815301076,1909f56bfc062723c751e8b465ee728b)
Start importing Assets/Scenes/Pete's scene.unity using Guid(174708e58edd1874d9593b58bc3e1dd0) Importer(815301076,1909f56bfc062723c751e8b465ee728b)  -> (artifact id: '32468901d97dc5349f2ea72be4e293e5') in 0.139918 seconds 
